0 info it worked if it ends with ok
1 verbose cli [ '/usr/local/bin/node',
1 verbose cli   '/usr/local/bin/npm',
1 verbose cli   'run-script',
1 verbose cli   'test:debug' ]
2 info using npm@3.10.10
3 info using node@v6.11.2
4 verbose run-script [ 'pretest:debug', 'test:debug', 'posttest:debug' ]
5 info lifecycle adventofcode2017@1.0.0~pretest:debug: adventofcode2017@1.0.0
6 silly lifecycle adventofcode2017@1.0.0~pretest:debug: no script for pretest:debug, continuing
7 info lifecycle adventofcode2017@1.0.0~test:debug: adventofcode2017@1.0.0
8 verbose lifecycle adventofcode2017@1.0.0~test:debug: unsafe-perm in lifecycle true
9 verbose lifecycle adventofcode2017@1.0.0~test:debug: PATH: /usr/local/lib/node_modules/npm/bin/node-gyp-bin:/Users/tmacair/Documents/AdventOfCode/adventofcode2017/node_modules/.bin:/usr/local/bin:/usr/bin:/bin:/usr/sbin:/sbin:/Library/Frameworks/Mono.framework/Versions/Current/Commands
10 verbose lifecycle adventofcode2017@1.0.0~test:debug: CWD: /Users/tmacair/Documents/AdventOfCode/adventofcode2017
11 silly lifecycle adventofcode2017@1.0.0~test:debug: Args: [ '-c',
11 silly lifecycle   'npm run build && node --inspect-brk node_modules/jasmine/bin/jasmine.js JASMINE_CONFIG_PATH=jasmine.json' ]
12 silly lifecycle adventofcode2017@1.0.0~test:debug: Returned: code: 1  signal: null
13 info lifecycle adventofcode2017@1.0.0~test:debug: Failed to exec test:debug script
14 verbose stack Error: adventofcode2017@1.0.0 test:debug: `npm run build && node --inspect-brk node_modules/jasmine/bin/jasmine.js JASMINE_CONFIG_PATH=jasmine.json`
14 verbose stack Exit status 1
14 verbose stack     at EventEmitter.<anonymous> (/usr/local/lib/node_modules/npm/lib/utils/lifecycle.js:255:16)
14 verbose stack     at emitTwo (events.js:106:13)
14 verbose stack     at EventEmitter.emit (events.js:191:7)
14 verbose stack     at ChildProcess.<anonymous> (/usr/local/lib/node_modules/npm/lib/utils/spawn.js:40:14)
14 verbose stack     at emitTwo (events.js:106:13)
14 verbose stack     at ChildProcess.emit (events.js:191:7)
14 verbose stack     at maybeClose (internal/child_process.js:891:16)
14 verbose stack     at Process.ChildProcess._handle.onexit (internal/child_process.js:226:5)
15 verbose pkgid adventofcode2017@1.0.0
16 verbose cwd /Users/tmacair/Documents/AdventOfCode/adventofcode2017
17 error Darwin 17.2.0
18 error argv "/usr/local/bin/node" "/usr/local/bin/npm" "run-script" "test:debug"
19 error node v6.11.2
20 error npm  v3.10.10
21 error code ELIFECYCLE
22 error adventofcode2017@1.0.0 test:debug: `npm run build && node --inspect-brk node_modules/jasmine/bin/jasmine.js JASMINE_CONFIG_PATH=jasmine.json`
22 error Exit status 1
23 error Failed at the adventofcode2017@1.0.0 test:debug script 'npm run build && node --inspect-brk node_modules/jasmine/bin/jasmine.js JASMINE_CONFIG_PATH=jasmine.json'.
23 error Make sure you have the latest version of node.js and npm installed.
23 error If you do, this is most likely a problem with the adventofcode2017 package,
23 error not with npm itself.
23 error Tell the author that this fails on your system:
23 error     npm run build && node --inspect-brk node_modules/jasmine/bin/jasmine.js JASMINE_CONFIG_PATH=jasmine.json
23 error You can get information on how to open an issue for this project with:
23 error     npm bugs adventofcode2017
23 error Or if that isn't available, you can get their info via:
23 error     npm owner ls adventofcode2017
23 error There is likely additional logging output above.
24 verbose exit [ 1, true ]
